# JRE version: OpenJDK Runtime Environment Zulu11.52+13-CA (11.0.13+8) (build 11.0.13+8-LTS)
# Java VM: OpenJDK 64-Bit Server VM Zulu11.52+13-CA (11.0.13+8-LTS, mixed mode, tiered, compressed oops, g1 gc, windows-amd64)
Heap:
 garbage-first heap   total 95232K, used 33933K [0x00000000c1600000, 0x0000000100000000)
  region size 1024K, 20 young (20480K), 4 survivors (4096K)
 Metaspace       used 52451K, capacity 53648K, committed 53888K, reserved 1095680K
  class space    used 6260K, capacity 6725K, committed 6784K, reserved 1048576K
GC Heap History (20 events):
Event: 1.132 GC heap before
{Heap before GC invocations=3 (full 0):
 garbage-first heap   total 65536K, used 32397K [0x00000000c1600000, 0x0000000100000000)
  region size 1024K, 27 young (27648K), 1 survivors (1024K)
 Metaspace       used 12951K, capacity 13263K, committed 13440K, reserved 1060864K
  class space    used 1281K, capacity 1386K, committed 1408K, reserved 1048576K
}
Event: 1.137 GC heap after
{Heap after GC invocations=4 (full 0):
 garbage-first heap   total 65536K, used 7066K [0x00000000c1600000, 0x0000000100000000)
  region size 1024K, 1 young (1024K), 1 survivors (1024K)
 Metaspace       used 12951K, capacity 13263K, committed 13440K, reserved 1060864K
  class space    used 1281K, capacity 1386K, committed 1408K, reserved 1048576K
}
Event: 2.478 GC heap before
{Heap before GC invocations=4 (full 0):
 garbage-first heap   total 65536K, used 37786K [0x00000000c1600000, 0x0000000100000000)
  region size 1024K, 31 young (31744K), 1 survivors (1024K)
 Metaspace       used 19205K, capacity 19665K, committed 19968K, reserved 1067008K
  class space    used 2067K, capacity 2254K, committed 2304K, reserved 1048576K
}
Event: 2.483 GC heap after
{Heap after GC invocations=5 (full 0):
 garbage-first heap   total 65536K, used 8757K [0x00000000c1600000, 0x0000000100000000)
  region size 1024K, 3 young (3072K), 3 survivors (3072K)
 Metaspace       used 19205K, capacity 19665K, committed 19968K, reserved 1067008K
  class space    used 2067K, capacity 2254K, committed 2304K, reserved 1048576K
}
Event: 2.635 GC heap before
{Heap before GC invocations=5 (full 0):
 garbage-first heap   total 65536K, used 15925K [0x00000000c1600000, 0x0000000100000000)
  region size 1024K, 11 young (11264K), 3 survivors (3072K)
 Metaspace       used 20701K, capacity 21223K, committed 21296K, reserved 1069056K
  class space    used 2222K, capacity 2431K, committed 2432K, reserved 1048576K
}
Event: 2.645 GC heap after
{Heap after GC invocations=6 (full 0):
 garbage-first heap   total 78848K, used 8978K [0x00000000c1600000, 0x0000000100000000)
  region size 1024K, 3 young (3072K), 3 survivors (3072K)
 Metaspace       used 20701K, capacity 21223K, committed 21296K, reserved 1069056K
  class space    used 2222K, capacity 2431K, committed 2432K, reserved 1048576K
}
Event: 3.373 GC heap before
{Heap before GC invocations=7 (full 0):
 garbage-first heap   total 78848K, used 41746K [0x00000000c1600000, 0x0000000100000000)
  region size 1024K, 36 young (36864K), 3 survivors (3072K)
 Metaspace       used 24935K, capacity 25515K, committed 25600K, reserved 1071104K
  class space    used 2768K, capacity 3027K, committed 3072K, reserved 1048576K
}
Event: 3.380 GC heap after
{Heap after GC invocations=8 (full 0):
 garbage-first heap   total 78848K, used 10284K [0x00000000c1600000, 0x0000000100000000)
  region size 1024K, 4 young (4096K), 4 survivors (4096K)
 Metaspace       used 24935K, capacity 25515K, committed 25600K, reserved 1071104K
  class space    used 2768K, capacity 3027K, committed 3072K, reserved 1048576K
}
Event: 3.590 GC heap before
{Heap before GC invocations=8 (full 0):
 garbage-first heap   total 78848K, used 46124K [0x00000000c1600000, 0x0000000100000000)
  region size 1024K, 40 young (40960K), 4 survivors (4096K)
 Metaspace       used 25695K, capacity 26314K, committed 26496K, reserved 1073152K
  class space    used 2842K, capacity 3101K, committed 3200K, reserved 1048576K
}
Event: 3.595 GC heap after
{Heap after GC invocations=9 (full 0):
 garbage-first heap   total 78848K, used 10852K [0x00000000c1600000, 0x0000000100000000)
  region size 1024K, 3 young (3072K), 3 survivors (3072K)
 Metaspace       used 25695K, capacity 26314K, committed 26496K, reserved 1073152K
  class space    used 2842K, capacity 3101K, committed 3200K, reserved 1048576K
}
Event: 4.652 GC heap before
{Heap before GC invocations=9 (full 0):
 garbage-first heap   total 78848K, used 53860K [0x00000000c1600000, 0x0000000100000000)
  region size 1024K, 45 young (46080K), 3 survivors (3072K)
 Metaspace       used 29077K, capacity 29943K, committed 30080K, reserved 1075200K
  class space    used 3274K, capacity 3597K, committed 3712K, reserved 1048576K
}
Event: 4.660 GC heap after
{Heap after GC invocations=10 (full 0):
 garbage-first heap   total 78848K, used 11881K [0x00000000c1600000, 0x0000000100000000)
  region size 1024K, 4 young (4096K), 4 survivors (4096K)
 Metaspace       used 29077K, capacity 29943K, committed 30080K, reserved 1075200K
  class space    used 3274K, capacity 3597K, committed 3712K, reserved 1048576K
}
Event: 6.589 GC heap before
{Heap before GC invocations=10 (full 0):
 garbage-first heap   total 78848K, used 50793K [0x00000000c1600000, 0x0000000100000000)
  region size 1024K, 43 young (44032K), 4 survivors (4096K)
 Metaspace       used 34790K, capacity 35886K, committed 35968K, reserved 1081344K
  class space    used 4023K, capacity 4433K, committed 4480K, reserved 1048576K
}
Event: 6.601 GC heap after
{Heap after GC invocations=11 (full 0):
 garbage-first heap   total 95232K, used 14755K [0x00000000c1600000, 0x0000000100000000)
  region size 1024K, 5 young (5120K), 5 survivors (5120K)
 Metaspace       used 34790K, capacity 35886K, committed 35968K, reserved 1081344K
  class space    used 4023K, capacity 4433K, committed 4480K, reserved 1048576K
}
Event: 7.169 GC heap before
{Heap before GC invocations=12 (full 0):
 garbage-first heap   total 95232K, used 64931K [0x00000000c1600000, 0x0000000100000000)
  region size 1024K, 55 young (56320K), 5 survivors (5120K)
 Metaspace       used 36047K, capacity 37147K, committed 37376K, reserved 1081344K
  class space    used 4146K, capacity 4576K, committed 4608K, reserved 1048576K
}
Event: 7.182 GC heap after
{Heap after GC invocations=13 (full 0):
 garbage-first heap   total 95232K, used 15688K [0x00000000c1600000, 0x0000000100000000)
  region size 1024K, 4 young (4096K), 4 survivors (4096K)
 Metaspace       used 36047K, capacity 37147K, committed 37376K, reserved 1081344K
  class space    used 4146K, capacity 4576K, committed 4608K, reserved 1048576K
}
Event: 7.812 GC heap before
{Heap before GC invocations=13 (full 0):
 garbage-first heap   total 95232K, used 66888K [0x00000000c1600000, 0x0000000100000000)
  region size 1024K, 55 young (56320K), 4 survivors (4096K)
 Metaspace       used 38429K, capacity 39608K, committed 39680K, reserved 1083392K
  class space    used 4396K, capacity 4844K, committed 4864K, reserved 1048576K
}
Event: 7.821 GC heap after
{Heap after GC invocations=14 (full 0):
 garbage-first heap   total 95232K, used 16063K [0x00000000c1600000, 0x0000000100000000)
  region size 1024K, 5 young (5120K), 5 survivors (5120K)
 Metaspace       used 38429K, capacity 39608K, committed 39680K, reserved 1083392K
  class space    used 4396K, capacity 4844K, committed 4864K, reserved 1048576K
}
Event: 9.455 GC heap before
{Heap before GC invocations=14 (full 0):
 garbage-first heap   total 95232K, used 66239K [0x00000000c1600000, 0x0000000100000000)
  region size 1024K, 55 young (56320K), 5 survivors (5120K)
 Metaspace       used 48788K, capacity 50005K, committed 50176K, reserved 1093632K
  class space    used 5829K, capacity 6301K, committed 6400K, reserved 1048576K
}
Event: 9.463 GC heap after
{Heap after GC invocations=15 (full 0):
 garbage-first heap   total 95232K, used 18573K [0x00000000c1600000, 0x0000000100000000)
  region size 1024K, 4 young (4096K), 4 survivors (4096K)
 Metaspace       used 48788K, capacity 50005K, committed 50176K, reserved 1093632K
  class space    used 5829K, capacity 6301K, committed 6400K, reserved 1048576K
}

