# JRE version: OpenJDK Runtime Environment Zulu11.52+13-CA (11.0.13+8) (build 11.0.13+8-LTS)
# Java VM: OpenJDK 64-Bit Server VM Zulu11.52+13-CA (11.0.13+8-LTS, mixed mode, tiered, compressed oops, g1 gc, windows-amd64)
Heap:
 garbage-first heap   total 78848K, used 49794K [0x00000000c1600000, 0x0000000100000000)
  region size 1024K, 37 young (37888K), 1 survivors (1024K)
 Metaspace       used 34655K, capacity 35809K, committed 35840K, reserved 1081344K
  class space    used 4033K, capacity 4479K, committed 4480K, reserved 1048576K
GC Heap History (18 events):
Event: 1.101 GC heap before
{Heap before GC invocations=0 (full 0):
 garbage-first heap   total 65536K, used 14336K [0x00000000c1600000, 0x0000000100000000)
  region size 1024K, 14 young (14336K), 0 survivors (0K)
 Metaspace       used 10222K, capacity 10441K, committed 10496K, reserved 1058816K
  class space    used 924K, capacity 995K, committed 1024K, reserved 1048576K
}
Event: 1.113 GC heap after
{Heap after GC invocations=1 (full 0):
 garbage-first heap   total 65536K, used 7243K [0x00000000c1600000, 0x0000000100000000)
  region size 1024K, 2 young (2048K), 2 survivors (2048K)
 Metaspace       used 10222K, capacity 10441K, committed 10496K, reserved 1058816K
  class space    used 924K, capacity 995K, committed 1024K, reserved 1048576K
}
Event: 1.560 GC heap before
{Heap before GC invocations=1 (full 0):
 garbage-first heap   total 65536K, used 13387K [0x00000000c1600000, 0x0000000100000000)
  region size 1024K, 8 young (8192K), 2 survivors (2048K)
 Metaspace       used 11488K, capacity 11761K, committed 12032K, reserved 1060864K
  class space    used 1080K, capacity 1182K, committed 1280K, reserved 1048576K
}
Event: 1.567 GC heap after
{Heap after GC invocations=2 (full 0):
 garbage-first heap   total 65536K, used 7556K [0x00000000c1600000, 0x0000000100000000)
  region size 1024K, 1 young (1024K), 1 survivors (1024K)
 Metaspace       used 11488K, capacity 11761K, committed 12032K, reserved 1060864K
  class space    used 1080K, capacity 1182K, committed 1280K, reserved 1048576K
}
Event: 2.517 GC heap before
{Heap before GC invocations=2 (full 0):
 garbage-first heap   total 65536K, used 28036K [0x00000000c1600000, 0x0000000100000000)
  region size 1024K, 21 young (21504K), 1 survivors (1024K)
 Metaspace       used 15364K, capacity 15832K, committed 15872K, reserved 1062912K
  class space    used 1567K, capacity 1754K, committed 1792K, reserved 1048576K
}
Event: 2.522 GC heap after
{Heap after GC invocations=3 (full 0):
 garbage-first heap   total 65536K, used 8177K [0x00000000c1600000, 0x0000000100000000)
  region size 1024K, 1 young (1024K), 1 survivors (1024K)
 Metaspace       used 15364K, capacity 15832K, committed 15872K, reserved 1062912K
  class space    used 1567K, capacity 1754K, committed 1792K, reserved 1048576K
}
Event: 3.699 GC heap before
{Heap before GC invocations=3 (full 0):
 garbage-first heap   total 65536K, used 34801K [0x00000000c1600000, 0x0000000100000000)
  region size 1024K, 27 young (27648K), 1 survivors (1024K)
 Metaspace       used 19220K, capacity 19849K, committed 19968K, reserved 1067008K
  class space    used 2051K, capacity 2286K, committed 2304K, reserved 1048576K
}
Event: 3.708 GC heap after
{Heap after GC invocations=4 (full 0):
 garbage-first heap   total 65536K, used 9133K [0x00000000c1600000, 0x0000000100000000)
  region size 1024K, 2 young (2048K), 2 survivors (2048K)
 Metaspace       used 19220K, capacity 19849K, committed 19968K, reserved 1067008K
  class space    used 2051K, capacity 2286K, committed 2304K, reserved 1048576K
}
Event: 4.088 GC heap before
{Heap before GC invocations=4 (full 0):
 garbage-first heap   total 65536K, used 17325K [0x00000000c1600000, 0x0000000100000000)
  region size 1024K, 11 young (11264K), 2 survivors (2048K)
 Metaspace       used 20474K, capacity 21108K, committed 21248K, reserved 1069056K
  class space    used 2222K, capacity 2473K, committed 2560K, reserved 1048576K
}
Event: 4.097 GC heap after
{Heap after GC invocations=5 (full 0):
 garbage-first heap   total 65536K, used 9536K [0x00000000c1600000, 0x0000000100000000)
  region size 1024K, 3 young (3072K), 3 survivors (3072K)
 Metaspace       used 20474K, capacity 21108K, committed 21248K, reserved 1069056K
  class space    used 2222K, capacity 2473K, committed 2560K, reserved 1048576K
}
Event: 5.015 GC heap before
{Heap before GC invocations=6 (full 0):
 garbage-first heap   total 65536K, used 33088K [0x00000000c1600000, 0x0000000100000000)
  region size 1024K, 27 young (27648K), 3 survivors (3072K)
 Metaspace       used 24568K, capacity 25361K, committed 25600K, reserved 1071104K
  class space    used 2750K, capacity 3063K, committed 3072K, reserved 1048576K
}
Event: 5.247 GC heap after
{Heap after GC invocations=7 (full 0):
 garbage-first heap   total 78848K, used 10464K [0x00000000c1600000, 0x0000000100000000)
  region size 1024K, 3 young (3072K), 3 survivors (3072K)
 Metaspace       used 24568K, capacity 25361K, committed 25600K, reserved 1071104K
  class space    used 2750K, capacity 3063K, committed 3072K, reserved 1048576K
}
Event: 6.010 GC heap before
{Heap before GC invocations=7 (full 0):
 garbage-first heap   total 78848K, used 39136K [0x00000000c1600000, 0x0000000100000000)
  region size 1024K, 32 young (32768K), 3 survivors (3072K)
 Metaspace       used 28517K, capacity 29330K, committed 29440K, reserved 1075200K
  class space    used 3244K, capacity 3574K, committed 3584K, reserved 1048576K
}
Event: 6.019 GC heap after
{Heap after GC invocations=8 (full 0):
 garbage-first heap   total 78848K, used 11813K [0x00000000c1600000, 0x0000000100000000)
  region size 1024K, 3 young (3072K), 3 survivors (3072K)
 Metaspace       used 28517K, capacity 29330K, committed 29440K, reserved 1075200K
  class space    used 3244K, capacity 3574K, committed 3584K, reserved 1048576K
}
Event: 6.041 GC heap before
{Heap before GC invocations=8 (full 0):
 garbage-first heap   total 78848K, used 43557K [0x00000000c1600000, 0x0000000100000000)
  region size 1024K, 35 young (35840K), 3 survivors (3072K)
 Metaspace       used 28548K, capacity 29426K, committed 29568K, reserved 1075200K
  class space    used 3248K, capacity 3606K, committed 3712K, reserved 1048576K
}
Event: 6.047 GC heap after
{Heap after GC invocations=9 (full 0):
 garbage-first heap   total 78848K, used 11708K [0x00000000c1600000, 0x0000000100000000)
  region size 1024K, 3 young (3072K), 3 survivors (3072K)
 Metaspace       used 28548K, capacity 29426K, committed 29568K, reserved 1075200K
  class space    used 3248K, capacity 3606K, committed 3712K, reserved 1048576K
}
Event: 7.204 GC heap before
{Heap before GC invocations=9 (full 0):
 garbage-first heap   total 78848K, used 45500K [0x00000000c1600000, 0x0000000100000000)
  region size 1024K, 37 young (37888K), 3 survivors (3072K)
 Metaspace       used 30819K, capacity 31856K, committed 32128K, reserved 1077248K
  class space    used 3528K, capacity 3924K, committed 3968K, reserved 1048576K
}
Event: 7.215 GC heap after
{Heap after GC invocations=10 (full 0):
 garbage-first heap   total 78848K, used 12930K [0x00000000c1600000, 0x0000000100000000)
  region size 1024K, 4 young (4096K), 4 survivors (4096K)
 Metaspace       used 30819K, capacity 31856K, committed 32128K, reserved 1077248K
  class space    used 3528K, capacity 3924K, committed 3968K, reserved 1048576K
}

